mode: atomic
github.com/observerly/nocturnal/internal/utils/datetime.go:5.56,7.2 1 2
github.com/observerly/nocturnal/internal/router/setup.go:11.36,13.13 2 1
github.com/observerly/nocturnal/internal/router/setup.go:16.2,16.14 1 1
github.com/observerly/nocturnal/internal/router/setup.go:13.13,15.3 1 1
github.com/observerly/nocturnal/internal/router/setup.go:19.32,24.23 3 1
github.com/observerly/nocturnal/internal/router/setup.go:29.2,35.71 3 1
github.com/observerly/nocturnal/internal/router/setup.go:47.2,47.41 1 1
github.com/observerly/nocturnal/internal/router/setup.go:57.2,57.40 1 1
github.com/observerly/nocturnal/internal/router/setup.go:69.2,69.33 1 1
github.com/observerly/nocturnal/internal/router/setup.go:73.2,73.10 1 1
github.com/observerly/nocturnal/internal/router/setup.go:24.23,26.3 1 1
github.com/observerly/nocturnal/internal/router/setup.go:35.71,36.40 1 0
github.com/observerly/nocturnal/internal/router/setup.go:44.3,44.52 1 0
github.com/observerly/nocturnal/internal/router/setup.go:36.40,43.4 1 0
github.com/observerly/nocturnal/internal/router/setup.go:47.41,54.3 1 1
github.com/observerly/nocturnal/internal/router/setup.go:57.40,66.3 1 1
github.com/observerly/nocturnal/internal/router/setup.go:69.33,71.3 1 1
github.com/observerly/nocturnal/pkg/sun/sun.go:15.29,49.2 11 1
github.com/observerly/nocturnal/pkg/twilight/twilight.go:14.34,75.2 14 1
github.com/observerly/nocturnal/pkg/moon/moon.go:15.30,61.22 16 1
github.com/observerly/nocturnal/pkg/moon/moon.go:67.2,67.21 1 1
github.com/observerly/nocturnal/pkg/moon/moon.go:73.2,78.4 1 1
github.com/observerly/nocturnal/pkg/moon/moon.go:61.22,63.3 1 0
github.com/observerly/nocturnal/pkg/moon/moon.go:63.8,65.3 1 1
github.com/observerly/nocturnal/pkg/moon/moon.go:67.21,69.3 1 0
github.com/observerly/nocturnal/pkg/moon/moon.go:69.8,71.3 1 1
