mode: atomic
github.com/observerly/nocturnal/internal/utils/datetime.go:5.56,7.2 1 2
github.com/observerly/nocturnal/internal/utils/datetime.go:9.50,10.14 1 2
github.com/observerly/nocturnal/internal/utils/datetime.go:15.2,15.12 1 1
github.com/observerly/nocturnal/internal/utils/datetime.go:10.14,13.3 2 1
github.com/observerly/nocturnal/internal/router/setup.go:13.36,15.13 2 1
github.com/observerly/nocturnal/internal/router/setup.go:18.2,18.14 1 1
github.com/observerly/nocturnal/internal/router/setup.go:15.13,17.3 1 1
github.com/observerly/nocturnal/internal/router/setup.go:21.32,26.23 3 1
github.com/observerly/nocturnal/internal/router/setup.go:31.2,37.71 3 1
github.com/observerly/nocturnal/internal/router/setup.go:49.2,58.41 2 1
github.com/observerly/nocturnal/internal/router/setup.go:68.2,68.40 1 1
github.com/observerly/nocturnal/internal/router/setup.go:80.2,80.33 1 1
github.com/observerly/nocturnal/internal/router/setup.go:84.2,84.10 1 1
github.com/observerly/nocturnal/internal/router/setup.go:26.23,28.3 1 1
github.com/observerly/nocturnal/internal/router/setup.go:37.71,38.40 1 0
github.com/observerly/nocturnal/internal/router/setup.go:46.3,46.52 1 0
github.com/observerly/nocturnal/internal/router/setup.go:38.40,45.4 1 0
github.com/observerly/nocturnal/internal/router/setup.go:58.41,65.3 1 1
github.com/observerly/nocturnal/internal/router/setup.go:68.40,77.3 1 1
github.com/observerly/nocturnal/internal/router/setup.go:80.33,82.3 1 1
github.com/observerly/nocturnal/pkg/twilight/twilight.go:13.34,74.2 14 1
github.com/observerly/nocturnal/pkg/moon/moon.go:14.30,60.22 16 1
github.com/observerly/nocturnal/pkg/moon/moon.go:66.2,66.21 1 1
github.com/observerly/nocturnal/pkg/moon/moon.go:72.2,77.4 1 1
github.com/observerly/nocturnal/pkg/moon/moon.go:60.22,62.3 1 0
github.com/observerly/nocturnal/pkg/moon/moon.go:62.8,64.3 1 1
github.com/observerly/nocturnal/pkg/moon/moon.go:66.21,68.3 1 0
github.com/observerly/nocturnal/pkg/moon/moon.go:68.8,70.3 1 1
github.com/observerly/nocturnal/pkg/transit/transit.go:14.33,92.2 25 3
github.com/observerly/nocturnal/pkg/sun/sun.go:14.29,56.2 13 1
